Using pre-set license
Built from '2021.3/staging' branch; Version is '2021.3.19f1 (c9714fde33b6) revision 13201743'; Using compiler version '192829333'; Build Type 'Release'
OS: 'Windows 11  (10.0.22621) 64bit Professional' Language: 'en' Physical Memory: 130779 MB
BatchMode: 1, IsHumanControllingUs: 0, StartBugReporterOnCrash: 0, Is64bit: 1, IsPro: 1

COMMAND LINE ARGUMENTS:
C:\Program Files\Unity\Hub\Editor\2021.3.19f1\Editor\Unity.exe
-adb2
-batchMode
-noUpm
-name
AssetImportWorker2
-projectPath
D:/Unity Projects/Project-Kratos/Project-Kratos
-logFile
Logs/AssetImportWorker2.log
-srvPort
51000
Successfully changed project path to: D:/Unity Projects/Project-Kratos/Project-Kratos
D:/Unity Projects/Project-Kratos/Project-Kratos
[UnityMemory] Configuration Parameters - Can be set up in boot.config
    "memorysetup-bucket-allocator-granularity=16"
    "memorysetup-bucket-allocator-bucket-count=8"
    "memorysetup-bucket-allocator-block-size=33554432"
    "memorysetup-bucket-allocator-block-count=8"
    "memorysetup-main-allocator-block-size=16777216"
    "memorysetup-thread-allocator-block-size=16777216"
    "memorysetup-gfx-main-allocator-block-size=16777216"
    "memorysetup-gfx-thread-allocator-block-size=16777216"
    "memorysetup-cache-allocator-block-size=4194304"
    "memorysetup-typetree-allocator-block-size=2097152"
    "memorysetup-profiler-bucket-allocator-granularity=16"
    "memorysetup-profiler-bucket-allocator-bucket-count=8"
    "memorysetup-profiler-bucket-allocator-block-size=33554432"
    "memorysetup-profiler-bucket-allocator-block-count=8"
    "memorysetup-profiler-allocator-block-size=16777216"
    "memorysetup-profiler-editor-allocator-block-size=1048576"
    "memorysetup-temp-allocator-size-main=16777216"
    "memorysetup-job-temp-allocator-block-size=2097152"
    "memorysetup-job-temp-allocator-block-size-background=1048576"
    "memorysetup-job-temp-allocator-reduction-small-platforms=262144"
    "memorysetup-temp-allocator-size-background-worker=32768"
    "memorysetup-temp-allocator-size-job-worker=262144"
    "memorysetup-temp-allocator-size-preload-manager=33554432"
    "memorysetup-temp-allocator-size-nav-mesh-worker=65536"
    "memorysetup-temp-allocator-size-audio-worker=65536"
    "memorysetup-temp-allocator-size-cloud-worker=32768"
    "memorysetup-temp-allocator-size-gi-baking-worker=262144"
    "memorysetup-temp-allocator-size-gfx=262144"
Player connection [6580] Host "[IP] 192.168.50.163 [Port] 0 [Flags] 2 [Guid] 468271296 [EditorId] 468271296 [Version] 1048832 [Id] WindowsEditor(7,DESKTOP-QJ6NSIN) [Debug] 1 [PackageName] WindowsEditor [ProjectName] Editor" joined multi-casting on [225.0.0.222:54997]...

Player connection [6580] Host "[IP] 192.168.50.163 [Port] 0 [Flags] 2 [Guid] 468271296 [EditorId] 468271296 [Version] 1048832 [Id] WindowsEditor(7,DESKTOP-QJ6NSIN) [Debug] 1 [PackageName] WindowsEditor [ProjectName] Editor" joined alternative multi-casting on [225.0.0.222:34997]...

Refreshing native plugins compatible for Editor in 116.00 ms, found 4 plugins.
Preloading 0 native plugins for Editor in 0.00 ms.
Initialize engine version: 2021.3.19f1 (c9714fde33b6)
[Subsystems] Discovering subsystems at path C:/Program Files/Unity/Hub/Editor/2021.3.19f1/Editor/Data/Resources/UnitySubsystems
[Subsystems] Discovering subsystems at path D:/Unity Projects/Project-Kratos/Project-Kratos/Assets
GfxDevice: creating device client; threaded=0; jobified=0
Direct3D:
    Version:  Direct3D 11.0 [level 11.1]
    Renderer: NVIDIA GeForce RTX 3080 Ti (ID=0x2208)
    Vendor:   NVIDIA
    VRAM:     12100 MB
    Driver:   31.0.15.3141
Shader 'MoreMountains/MMRipple': fallback shader 'Particle/AlphaBlended' not found
Initialize mono
Mono path[0] = 'C:/Program Files/Unity/Hub/Editor/2021.3.19f1/Editor/Data/Managed'
Mono path[1] = 'C:/Program Files/Unity/Hub/Editor/2021.3.19f1/Editor/Data/MonoBleedingEdge/lib/mono/unityjit-win32'
Mono config path = 'C:/Program Files/Unity/Hub/Editor/2021.3.19f1/Editor/Data/MonoBleedingEdge/etc'
Using monoOptions --debugger-agent=transport=dt_socket,embedding=1,server=y,suspend=n,address=127.0.0.1:56776
Begin MonoManager ReloadAssembly
Registering precompiled unity dll's ...
Register platform support module: C:/Program Files/Unity/Hub/Editor/2021.3.19f1/Editor/Data/PlaybackEngines/WebGLSupport/UnityEditor.WebGL.Extensions.dll
Register platform support module: C:/Program Files/Unity/Hub/Editor/2021.3.19f1/Editor/Data/PlaybackEngines/WindowsStandaloneSupport/UnityEditor.WindowsStandalone.Extensions.dll
Registered in 0.002887 seconds.
Native extension for WindowsStandalone target not found
Native extension for WebGL target not found
Refreshing native plugins compatible for Editor in 79.76 ms, found 4 plugins.
Preloading 0 native plugins for Editor in 0.00 ms.
Mono: successfully reloaded assembly
- Completed reload, in  0.480 seconds
Domain Reload Profiling:
	ReloadAssembly (480ms)
		BeginReloadAssembly (66ms)
			ExecutionOrderSort (0ms)
			DisableScriptedObjects (0ms)
			BackupInstance (0ms)
			ReleaseScriptingObjects (0ms)
			CreateAndSetChildDomain (0ms)
		EndReloadAssembly (335ms)
			LoadAssemblies (64ms)
			RebuildTransferFunctionScriptingTraits (0ms)
			SetupTypeCache (91ms)
			ReleaseScriptCaches (0ms)
			RebuildScriptCaches (14ms)
			SetupLoadedEditorAssemblies (196ms)
				LogAssemblyErrors (0ms)
				InitializePlatformSupportModulesInManaged (9ms)
				SetLoadedEditorAssemblies (0ms)
				RefreshPlugins (80ms)
				BeforeProcessingInitializeOnLoad (1ms)
				ProcessInitializeOnLoadAttributes (82ms)
				ProcessInitializeOnLoadMethodAttributes (25ms)
				AfterProcessingInitializeOnLoad (0ms)
				EditorAssembliesLoaded (0ms)
			ExecutionOrderSort2 (0ms)
			AwakeInstancesAfterBackupRestoration (0ms)
Platform modules already initialized, skipping
Registering precompiled user dll's ...
Registered in 0.005080 seconds.
Begin MonoManager ReloadAssembly
Symbol file LoadedFromMemory doesn't match image D:\Unity Projects\Project-Kratos\Project-Kratos\Library\PackageCache\com.unity.visualscripting@1.8.0\Editor\VisualScripting.Core\Dependencies\DotNetZip\Unity.VisualScripting.IonicZip.dll
Symbol file LoadedFromMemory doesn't match image D:\Unity Projects\Project-Kratos\Project-Kratos\Library\PackageCache\com.unity.visualscripting@1.8.0\Editor\VisualScripting.Core\Dependencies\YamlDotNet\Unity.VisualScripting.YamlDotNet.dll
Native extension for WindowsStandalone target not found
Native extension for WebGL target not found
Refreshing native plugins compatible for Editor in 115.03 ms, found 4 plugins.
Preloading 0 native plugins for Editor in 0.00 ms.
Launched and connected shader compiler UnityShaderCompiler.exe after 0.10 seconds
Mono: successfully reloaded assembly
- Completed reload, in  2.231 seconds
Domain Reload Profiling:
	ReloadAssembly (2232ms)
		BeginReloadAssembly (119ms)
			ExecutionOrderSort (0ms)
			DisableScriptedObjects (5ms)
			BackupInstance (0ms)
			ReleaseScriptingObjects (0ms)
			CreateAndSetChildDomain (14ms)
		EndReloadAssembly (1998ms)
			LoadAssemblies (222ms)
			RebuildTransferFunctionScriptingTraits (0ms)
			SetupTypeCache (536ms)
			ReleaseScriptCaches (1ms)
			RebuildScriptCaches (65ms)
			SetupLoadedEditorAssemblies (1155ms)
				LogAssemblyErrors (0ms)
				InitializePlatformSupportModulesInManaged (5ms)
				SetLoadedEditorAssemblies (0ms)
				RefreshPlugins (115ms)
				BeforeProcessingInitializeOnLoad (83ms)
				ProcessInitializeOnLoadAttributes (509ms)
				ProcessInitializeOnLoadMethodAttributes (434ms)
				AfterProcessingInitializeOnLoad (7ms)
				EditorAssembliesLoaded (0ms)
			ExecutionOrderSort2 (0ms)
			AwakeInstancesAfterBackupRestoration (7ms)
Platform modules already initialized, skipping
========================================================================
Worker process is ready to serve import requests
Shader 'MoreMountains/MMRipple': fallback shader 'Particle/AlphaBlended' not found
Refreshing native plugins compatible for Editor in 0.83 ms, found 4 plugins.
Preloading 0 native plugins for Editor in 0.00 ms.
Unloading 7076 Unused Serialized files (Serialized files now loaded: 0)
Unloading 92 unused Assets / (2.4 MB). Loaded Objects now: 7587.
Memory consumption went from 387.4 MB to 385.0 MB.
Total: 16.290500 ms (FindLiveObjects: 0.524700 ms CreateObjectMapping: 0.255000 ms MarkObjects: 15.064600 ms  DeleteObjects: 0.445000 ms)

AssetImportParameters requested are different than current active one (requested -> active):
  custom:video-decoder-ogg-theora: a1e56fd34408186e4bbccfd4996cb3dc -> 
  custom:container-muxer-webm: aa71ff27fc2769a1b78a27578f13a17b -> 
  custom:container-demuxer-webm: 4f35f7cbe854078d1ac9338744f61a02 -> 
  custom:video-encoder-webm-vp8: eb34c28f22e8b96e1ab97ce403110664 -> 
  custom:audio-encoder-webm-vorbis: bf7c407c2cedff20999df2af8eb42d56 -> 
  custom:framework-win-MediaFoundation: 216162199b28c13a410421893ffa2e32 -> 
  custom:container-demuxer-ogg: 62fdf1f143b41e24485cea50d1cbac27 -> 
  custom:video-decoder-webm-vp8: 9c59270c3fd7afecdb556c50c9e8de78 -> 
  custom:audio-decoder-ogg-vorbis: bf7c407c2cedff20999df2af8eb42d56 -> 
========================================================================
Received Import Request.
  Time since last request: 549.563243 seconds.
  path: Assets/Plugins/DevTex/Materials/Dev_metallic_grey25.mat
  artifactKey: Guid(5ed4edfd77d485b4b9a3bdfb5d14c9d7) Importer(815301076,1909f56bfc062723c751e8b465ee728b)
Start importing Assets/Plugins/DevTex/Materials/Dev_metallic_grey25.mat using Guid(5ed4edfd77d485b4b9a3bdfb5d14c9d7) Importer(815301076,1909f56bfc062723c751e8b465ee728b)  -> (artifact id: '8a57bcaa7d2cad5278137b7cdcd4276b') in 0.195291 seconds 
========================================================================
Received Import Request.
  Time since last request: 63.292698 seconds.
  path: Assets/Plugins/DevTex/Materials/Dev_metallic_grey25.mat
  artifactKey: Guid(5ed4edfd77d485b4b9a3bdfb5d14c9d7) Importer(815301076,1909f56bfc062723c751e8b465ee728b)
Start importing Assets/Plugins/DevTex/Materials/Dev_metallic_grey25.mat using Guid(5ed4edfd77d485b4b9a3bdfb5d14c9d7) Importer(815301076,1909f56bfc062723c751e8b465ee728b)  -> (artifact id: '97580f780e09186d10eb826ce8d0b08d') in 0.010431 seconds 
========================================================================
Received Import Request.
  Time since last request: 2.289893 seconds.
  path: Assets/_Game/Player/Player.prefab
  artifactKey: Guid(742b1b2cbf1dc0f4496e651352ae03fb) Importer(815301076,1909f56bfc062723c751e8b465ee728b)
Start importing Assets/_Game/Player/Player.prefab using Guid(742b1b2cbf1dc0f4496e651352ae03fb) Importer(815301076,1909f56bfc062723c751e8b465ee728b)  -> (artifact id: '8862194e2df8877610a7f699b4cd732b') in 0.030265 seconds 
========================================================================
Received Import Request.
  Time since last request: 185.413191 seconds.
  path: Assets/_Game/Player/Player.prefab
  artifactKey: Guid(742b1b2cbf1dc0f4496e651352ae03fb) Importer(815301076,1909f56bfc062723c751e8b465ee728b)
Start importing Assets/_Game/Player/Player.prefab using Guid(742b1b2cbf1dc0f4496e651352ae03fb) Importer(815301076,1909f56bfc062723c751e8b465ee728b)  -> (artifact id: '92121ecc5859cd7fc786cb38a9df335d') in 0.016133 seconds 
========================================================================
Received Prepare
Registering precompiled user dll's ...
Registered in 0.007337 seconds.
Begin MonoManager ReloadAssembly
Symbol file LoadedFromMemory doesn't match image D:\Unity Projects\Project-Kratos\Project-Kratos\Library\PackageCache\com.unity.visualscripting@1.8.0\Editor\VisualScripting.Core\Dependencies\DotNetZip\Unity.VisualScripting.IonicZip.dll
Symbol file LoadedFromMemory doesn't match image D:\Unity Projects\Project-Kratos\Project-Kratos\Library\PackageCache\com.unity.visualscripting@1.8.0\Editor\VisualScripting.Core\Dependencies\YamlDotNet\Unity.VisualScripting.YamlDotNet.dll
Native extension for WindowsStandalone target not found
Native extension for WebGL target not found
Refreshing native plugins compatible for Editor in 0.86 ms, found 4 plugins.
Preloading 0 native plugins for Editor in 0.00 ms.
Mono: successfully reloaded assembly
- Completed reload, in  1.003 seconds
Domain Reload Profiling:
	ReloadAssembly (1003ms)
		BeginReloadAssembly (121ms)
			ExecutionOrderSort (0ms)
			DisableScriptedObjects (24ms)
			BackupInstance (0ms)
			ReleaseScriptingObjects (0ms)
			CreateAndSetChildDomain (34ms)
		EndReloadAssembly (816ms)
			LoadAssemblies (67ms)
			RebuildTransferFunctionScriptingTraits (0ms)
			SetupTypeCache (196ms)
			ReleaseScriptCaches (2ms)
			RebuildScriptCaches (31ms)
			SetupLoadedEditorAssemblies (463ms)
				LogAssemblyErrors (0ms)
				InitializePlatformSupportModulesInManaged (8ms)
				SetLoadedEditorAssemblies (0ms)
				RefreshPlugins (1ms)
				BeforeProcessingInitializeOnLoad (50ms)
				ProcessInitializeOnLoadAttributes (275ms)
				ProcessInitializeOnLoadMethodAttributes (123ms)
				AfterProcessingInitializeOnLoad (6ms)
				EditorAssembliesLoaded (0ms)
			ExecutionOrderSort2 (0ms)
			AwakeInstancesAfterBackupRestoration (20ms)
Platform modules already initialized, skipping
Shader 'MoreMountains/MMRipple': fallback shader 'Particle/AlphaBlended' not found
Refreshing native plugins compatible for Editor in 2.46 ms, found 4 plugins.
Preloading 0 native plugins for Editor in 0.00 ms.
Unloading 6908 Unused Serialized files (Serialized files now loaded: 0)
Unloading 72 unused Assets / (2.4 MB). Loaded Objects now: 7699.
Memory consumption went from 383.1 MB to 380.8 MB.
Total: 12.861100 ms (FindLiveObjects: 0.288700 ms CreateObjectMapping: 0.126000 ms MarkObjects: 11.995000 ms  DeleteObjects: 0.450100 ms)

AssetImportParameters requested are different than current active one (requested -> active):
  custom:video-decoder-ogg-theora: a1e56fd34408186e4bbccfd4996cb3dc -> 
  custom:container-muxer-webm: aa71ff27fc2769a1b78a27578f13a17b -> 
  custom:container-demuxer-webm: 4f35f7cbe854078d1ac9338744f61a02 -> 
  custom:video-encoder-webm-vp8: eb34c28f22e8b96e1ab97ce403110664 -> 
  custom:audio-encoder-webm-vorbis: bf7c407c2cedff20999df2af8eb42d56 -> 
  custom:framework-win-MediaFoundation: 216162199b28c13a410421893ffa2e32 -> 
  custom:container-demuxer-ogg: 62fdf1f143b41e24485cea50d1cbac27 -> 
  custom:video-decoder-webm-vp8: 9c59270c3fd7afecdb556c50c9e8de78 -> 
  custom:audio-decoder-ogg-vorbis: bf7c407c2cedff20999df2af8eb42d56 -> 
========================================================================
Received Import Request.
  Time since last request: 7.387509 seconds.
  path: Assets/_Game/Player/Player.prefab
  artifactKey: Guid(742b1b2cbf1dc0f4496e651352ae03fb) Importer(815301076,1909f56bfc062723c751e8b465ee728b)
Start importing Assets/_Game/Player/Player.prefab using Guid(742b1b2cbf1dc0f4496e651352ae03fb) Importer(815301076,1909f56bfc062723c751e8b465ee728b)  -> (artifact id: '92121ecc5859cd7fc786cb38a9df335d') in 0.160293 seconds 
========================================================================
Received Import Request.
  Time since last request: 253.342732 seconds.
  path: Assets/_Game/Player/IPlayer.cs
  artifactKey: Guid(eaf9b47bc07898742b1c47e04f3d48d7) Importer(815301076,1909f56bfc062723c751e8b465ee728b)
Start importing Assets/_Game/Player/IPlayer.cs using Guid(eaf9b47bc07898742b1c47e04f3d48d7) Importer(815301076,1909f56bfc062723c751e8b465ee728b)  -> (artifact id: '83662936e097e671b4867a048276bf24') in 0.022539 seconds 
========================================================================
Received Import Request.
  Time since last request: 131.181010 seconds.
  path: Assets/_Game/Player/PlayerInput.cs
  artifactKey: Guid(bf4b4f9859bf0754ba95b88d9f3f2f68) Importer(815301076,1909f56bfc062723c751e8b465ee728b)
Start importing Assets/_Game/Player/PlayerInput.cs using Guid(bf4b4f9859bf0754ba95b88d9f3f2f68) Importer(815301076,1909f56bfc062723c751e8b465ee728b)  -> (artifact id: 'e1cdd49ca8c99782e4e82591db981d3d') in 0.002229 seconds 
========================================================================
Received Import Request.
  Time since last request: 0.000020 seconds.
  path: Assets/_Game/Player/Player.prefab
  artifactKey: Guid(742b1b2cbf1dc0f4496e651352ae03fb) Importer(815301076,1909f56bfc062723c751e8b465ee728b)
Start importing Assets/_Game/Player/Player.prefab using Guid(742b1b2cbf1dc0f4496e651352ae03fb) Importer(815301076,1909f56bfc062723c751e8b465ee728b)  -> (artifact id: '8bab7237a37765590123ec940020d211') in 0.020828 seconds 
========================================================================
Received Import Request.
  Time since last request: 0.136639 seconds.
  path: Assets/_Game/Player/Player.prefab
  artifactKey: Guid(742b1b2cbf1dc0f4496e651352ae03fb) Importer(815301076,1909f56bfc062723c751e8b465ee728b)
Start importing Assets/_Game/Player/Player.prefab using Guid(742b1b2cbf1dc0f4496e651352ae03fb) Importer(815301076,1909f56bfc062723c751e8b465ee728b)  -> (artifact id: 'acb525be8e28c48e0417edd74160d8ee') in 0.011887 seconds 
========================================================================
Received Import Request.
  Time since last request: 212.382789 seconds.
  path: Assets/_Game/Player/PlayerInput.cs
  artifactKey: Guid(bf4b4f9859bf0754ba95b88d9f3f2f68) Importer(815301076,1909f56bfc062723c751e8b465ee728b)
Start importing Assets/_Game/Player/PlayerInput.cs using Guid(bf4b4f9859bf0754ba95b88d9f3f2f68) Importer(815301076,1909f56bfc062723c751e8b465ee728b)  -> (artifact id: 'a6b770532f9d1066d3b97b5f63215881') in 0.001900 seconds 
========================================================================
Received Import Request.
  Time since last request: 332.133436 seconds.
  path: Assets/_Game/Player/PlayerController.cs
  artifactKey: Guid(81c3308210a4c064fa36c081d4fdca59) Importer(815301076,1909f56bfc062723c751e8b465ee728b)
Start importing Assets/_Game/Player/PlayerController.cs using Guid(81c3308210a4c064fa36c081d4fdca59) Importer(815301076,1909f56bfc062723c751e8b465ee728b)  -> (artifact id: '087532394bdf5dd1e8d329e53cacaeeb') in 0.011918 seconds 
========================================================================
Received Import Request.
  Time since last request: 1.038117 seconds.
  path: Assets/_Game/Player/InputManager.cs
  artifactKey: Guid(5e6f13b2c820b9d40addb132a21d5985) Importer(815301076,1909f56bfc062723c751e8b465ee728b)
Start importing Assets/_Game/Player/InputManager.cs using Guid(5e6f13b2c820b9d40addb132a21d5985) Importer(815301076,1909f56bfc062723c751e8b465ee728b)  -> (artifact id: 'a42a47c392f35324f4b794dcc4e6d1cb') in 0.010532 seconds 
========================================================================
Received Import Request.
  Time since last request: 128.972319 seconds.
  path: Assets/_Game/Player/Player.prefab
  artifactKey: Guid(742b1b2cbf1dc0f4496e651352ae03fb) Importer(815301076,1909f56bfc062723c751e8b465ee728b)
Start importing Assets/_Game/Player/Player.prefab using Guid(742b1b2cbf1dc0f4496e651352ae03fb) Importer(815301076,1909f56bfc062723c751e8b465ee728b)  -> (artifact id: 'a81f4a6ae8957fa4da9a50251e178da3') in 0.016259 seconds 
========================================================================
Received Import Request.
  Time since last request: 143.309630 seconds.
  path: Assets/_Game/Player/Player.prefab
  artifactKey: Guid(742b1b2cbf1dc0f4496e651352ae03fb) Importer(815301076,1909f56bfc062723c751e8b465ee728b)
Start importing Assets/_Game/Player/Player.prefab using Guid(742b1b2cbf1dc0f4496e651352ae03fb) Importer(815301076,1909f56bfc062723c751e8b465ee728b)  -> (artifact id: 'df6973cd03674f1611386d20d6e493ce') in 0.011108 seconds 
========================================================================
Received Import Request.
  Time since last request: 379.229612 seconds.
  path: Assets/_Game/Player/Player.prefab
  artifactKey: Guid(742b1b2cbf1dc0f4496e651352ae03fb) Importer(815301076,1909f56bfc062723c751e8b465ee728b)
Start importing Assets/_Game/Player/Player.prefab using Guid(742b1b2cbf1dc0f4496e651352ae03fb) Importer(815301076,1909f56bfc062723c751e8b465ee728b)  -> (artifact id: '316335b88551d520be3d08ddfa14de60') in 0.011596 seconds 
========================================================================
Received Prepare
Registering precompiled user dll's ...
Registered in 0.006352 seconds.
Begin MonoManager ReloadAssembly
Symbol file LoadedFromMemory doesn't match image D:\Unity Projects\Project-Kratos\Project-Kratos\Library\PackageCache\com.unity.visualscripting@1.8.0\Editor\VisualScripting.Core\Dependencies\DotNetZip\Unity.VisualScripting.IonicZip.dll
Symbol file LoadedFromMemory doesn't match image D:\Unity Projects\Project-Kratos\Project-Kratos\Library\PackageCache\com.unity.visualscripting@1.8.0\Editor\VisualScripting.Core\Dependencies\YamlDotNet\Unity.VisualScripting.YamlDotNet.dll
Native extension for WindowsStandalone target not found
Native extension for WebGL target not found
Refreshing native plugins compatible for Editor in 0.85 ms, found 4 plugins.
Preloading 0 native plugins for Editor in 0.00 ms.
Mono: successfully reloaded assembly
- Completed reload, in  1.000 seconds
Domain Reload Profiling:
	ReloadAssembly (1001ms)
		BeginReloadAssembly (109ms)
			ExecutionOrderSort (0ms)
			DisableScriptedObjects (4ms)
			BackupInstance (0ms)
			ReleaseScriptingObjects (0ms)
			CreateAndSetChildDomain (39ms)
		EndReloadAssembly (831ms)
			LoadAssemblies (71ms)
			RebuildTransferFunctionScriptingTraits (0ms)
			SetupTypeCache (197ms)
			ReleaseScriptCaches (2ms)
			RebuildScriptCaches (33ms)
			SetupLoadedEditorAssemblies (462ms)
				LogAssemblyErrors (0ms)
				InitializePlatformSupportModulesInManaged (8ms)
				SetLoadedEditorAssemblies (0ms)
				RefreshPlugins (1ms)
				BeforeProcessingInitializeOnLoad (51ms)
				ProcessInitializeOnLoadAttributes (274ms)
				ProcessInitializeOnLoadMethodAttributes (118ms)
				AfterProcessingInitializeOnLoad (9ms)
				EditorAssembliesLoaded (0ms)
			ExecutionOrderSort2 (0ms)
			AwakeInstancesAfterBackupRestoration (31ms)
Platform modules already initialized, skipping
Shader 'MoreMountains/MMRipple': fallback shader 'Particle/AlphaBlended' not found
Refreshing native plugins compatible for Editor in 2.99 ms, found 4 plugins.
Preloading 0 native plugins for Editor in 0.00 ms.
Unloading 6909 Unused Serialized files (Serialized files now loaded: 0)
Unloading 72 unused Assets / (2.4 MB). Loaded Objects now: 7756.
Memory consumption went from 384.8 MB to 382.4 MB.
Total: 10.378600 ms (FindLiveObjects: 0.492700 ms CreateObjectMapping: 0.172800 ms MarkObjects: 9.262300 ms  DeleteObjects: 0.450100 ms)

AssetImportParameters requested are different than current active one (requested -> active):
  custom:video-decoder-ogg-theora: a1e56fd34408186e4bbccfd4996cb3dc -> 
  custom:container-muxer-webm: aa71ff27fc2769a1b78a27578f13a17b -> 
  custom:container-demuxer-webm: 4f35f7cbe854078d1ac9338744f61a02 -> 
  custom:video-encoder-webm-vp8: eb34c28f22e8b96e1ab97ce403110664 -> 
  custom:audio-encoder-webm-vorbis: bf7c407c2cedff20999df2af8eb42d56 -> 
  custom:framework-win-MediaFoundation: 216162199b28c13a410421893ffa2e32 -> 
  custom:container-demuxer-ogg: 62fdf1f143b41e24485cea50d1cbac27 -> 
  custom:video-decoder-webm-vp8: 9c59270c3fd7afecdb556c50c9e8de78 -> 
  custom:audio-decoder-ogg-vorbis: bf7c407c2cedff20999df2af8eb42d56 -> 
========================================================================
Received Import Request.
  Time since last request: 148.363085 seconds.
  path: Assets/_Game/Player/PlayerController.cs
  artifactKey: Guid(81c3308210a4c064fa36c081d4fdca59) Importer(815301076,1909f56bfc062723c751e8b465ee728b)
Start importing Assets/_Game/Player/PlayerController.cs using Guid(81c3308210a4c064fa36c081d4fdca59) Importer(815301076,1909f56bfc062723c751e8b465ee728b)  -> (artifact id: '7ff6bed459aaca0fcfa7f45e16af928c') in 0.025921 seconds 
========================================================================
Received Import Request.
  Time since last request: 0.310578 seconds.
  path: Assets/_Game/Player/PlayerInput.cs
  artifactKey: Guid(bf4b4f9859bf0754ba95b88d9f3f2f68) Importer(815301076,1909f56bfc062723c751e8b465ee728b)
Start importing Assets/_Game/Player/PlayerInput.cs using Guid(bf4b4f9859bf0754ba95b88d9f3f2f68) Importer(815301076,1909f56bfc062723c751e8b465ee728b)  -> (artifact id: '7cc42748f8d95dacd75521e16fe5e1a6') in 0.010441 seconds 
========================================================================
Received Import Request.
  Time since last request: 13.575101 seconds.
  path: Assets/_Game/Player/PlayerStats.cs
  artifactKey: Guid(85cff47cd6ec0ca4185cf08db5225c1b) Importer(815301076,1909f56bfc062723c751e8b465ee728b)
Start importing Assets/_Game/Player/PlayerStats.cs using Guid(85cff47cd6ec0ca4185cf08db5225c1b) Importer(815301076,1909f56bfc062723c751e8b465ee728b)  -> (artifact id: '9f9447259983bf82a25136f6c970818b') in 0.001910 seconds 
========================================================================
Received Import Request.
  Time since last request: 0.000015 seconds.
  path: Assets/_Game/Player/Player.prefab
  artifactKey: Guid(742b1b2cbf1dc0f4496e651352ae03fb) Importer(815301076,1909f56bfc062723c751e8b465ee728b)
Start importing Assets/_Game/Player/Player.prefab using Guid(742b1b2cbf1dc0f4496e651352ae03fb) Importer(815301076,1909f56bfc062723c751e8b465ee728b)  -> (artifact id: 'b31508b185ef70a7e9c1ac85ee8cecfe') in 0.157710 seconds 
========================================================================
Received Import Request.
  Time since last request: 0.298695 seconds.
  path: Assets/_Game/Player/Player.prefab
  artifactKey: Guid(742b1b2cbf1dc0f4496e651352ae03fb) Importer(815301076,1909f56bfc062723c751e8b465ee728b)
Start importing Assets/_Game/Player/Player.prefab using Guid(742b1b2cbf1dc0f4496e651352ae03fb) Importer(815301076,1909f56bfc062723c751e8b465ee728b)  -> (artifact id: '9fc5ca47c0e4e3566d1fc8fdfbad49b1') in 0.009702 seconds 
========================================================================
Received Import Request.
  Time since last request: 10.849861 seconds.
  path: Assets/_Game/Player/ScriptableStats.cs
  artifactKey: Guid(85cff47cd6ec0ca4185cf08db5225c1b) Importer(815301076,1909f56bfc062723c751e8b465ee728b)
Start importing Assets/_Game/Player/ScriptableStats.cs using Guid(85cff47cd6ec0ca4185cf08db5225c1b) Importer(815301076,1909f56bfc062723c751e8b465ee728b)  -> (artifact id: 'b7ace98332cb86e9a16f44e8407e3ba5') in 0.002262 seconds 
========================================================================
Received Import Request.
  Time since last request: 11.934779 seconds.
  path: Assets/_Game/Player/ScriptableStats.cs
  artifactKey: Guid(85cff47cd6ec0ca4185cf08db5225c1b) Importer(815301076,1909f56bfc062723c751e8b465ee728b)
Start importing Assets/_Game/Player/ScriptableStats.cs using Guid(85cff47cd6ec0ca4185cf08db5225c1b) Importer(815301076,1909f56bfc062723c751e8b465ee728b)  -> (artifact id: '5578d143f10fb4f8f7b95113108639e2') in 0.001765 seconds 
========================================================================
Received Import Request.
  Time since last request: 63.615251 seconds.
  path: Assets/_Game/Player/ScriptableStats.cs
  artifactKey: Guid(85cff47cd6ec0ca4185cf08db5225c1b) Importer(815301076,1909f56bfc062723c751e8b465ee728b)
Start importing Assets/_Game/Player/ScriptableStats.cs using Guid(85cff47cd6ec0ca4185cf08db5225c1b) Importer(815301076,1909f56bfc062723c751e8b465ee728b)  -> (artifact id: '2301e520908ebf879bdaa6fefaff2c6f') in 0.001742 seconds 
========================================================================
Received Import Request.
  Time since last request: 0.016661 seconds.
  path: Assets/_Game/Player/Player.prefab
  artifactKey: Guid(742b1b2cbf1dc0f4496e651352ae03fb) Importer(815301076,1909f56bfc062723c751e8b465ee728b)
Start importing Assets/_Game/Player/Player.prefab using Guid(742b1b2cbf1dc0f4496e651352ae03fb) Importer(815301076,1909f56bfc062723c751e8b465ee728b)  -> (artifact id: '47d2eb46ede2491f39c79763b3f3c867') in 0.009413 seconds 
========================================================================
Received Import Request.
  Time since last request: 44.302189 seconds.
  path: Assets/_Game/Player/Player.prefab
  artifactKey: Guid(742b1b2cbf1dc0f4496e651352ae03fb) Importer(815301076,1909f56bfc062723c751e8b465ee728b)
Start importing Assets/_Game/Player/Player.prefab using Guid(742b1b2cbf1dc0f4496e651352ae03fb) Importer(815301076,1909f56bfc062723c751e8b465ee728b)  -> (artifact id: 'be339e621a040930be345c9075f40fb0') in 0.012471 seconds 
========================================================================
Received Import Request.
  Time since last request: 233.626491 seconds.
  path: Assets/_Game/Player/Player.prefab
  artifactKey: Guid(742b1b2cbf1dc0f4496e651352ae03fb) Importer(815301076,1909f56bfc062723c751e8b465ee728b)
Start importing Assets/_Game/Player/Player.prefab using Guid(742b1b2cbf1dc0f4496e651352ae03fb) Importer(815301076,1909f56bfc062723c751e8b465ee728b)  -> (artifact id: '16b436a8df578ff339216d665554b70a') in 0.010749 seconds 
========================================================================
Received Import Request.
  Time since last request: 75.077301 seconds.
  path: Assets/_Game/Player/Player.prefab
  artifactKey: Guid(742b1b2cbf1dc0f4496e651352ae03fb) Importer(815301076,1909f56bfc062723c751e8b465ee728b)
Start importing Assets/_Game/Player/Player.prefab using Guid(742b1b2cbf1dc0f4496e651352ae03fb) Importer(815301076,1909f56bfc062723c751e8b465ee728b)  -> (artifact id: 'b4f13cde0b14ebbead67d43446811aa3') in 0.010967 seconds 
========================================================================
Received Import Request.
  Time since last request: 48.723794 seconds.
  path: Assets/_Game/Player/ScriptableStats.cs
  artifactKey: Guid(85cff47cd6ec0ca4185cf08db5225c1b) Importer(815301076,1909f56bfc062723c751e8b465ee728b)
Start importing Assets/_Game/Player/ScriptableStats.cs using Guid(85cff47cd6ec0ca4185cf08db5225c1b) Importer(815301076,1909f56bfc062723c751e8b465ee728b)  -> (artifact id: 'f032cc4a1ef4b1bb6da3d8702c2ee87e') in 0.001667 seconds 
========================================================================
Received Import Request.
  Time since last request: 0.015678 seconds.
  path: Assets/_Game/Player/Player.prefab
  artifactKey: Guid(742b1b2cbf1dc0f4496e651352ae03fb) Importer(815301076,1909f56bfc062723c751e8b465ee728b)
Start importing Assets/_Game/Player/Player.prefab using Guid(742b1b2cbf1dc0f4496e651352ae03fb) Importer(815301076,1909f56bfc062723c751e8b465ee728b)  -> (artifact id: '36044bd23d221aa65b47b05dc63765d9') in 0.010131 seconds 
========================================================================
Received Import Request.
  Time since last request: 16.583528 seconds.
  path: Assets/_Game/Player/ScriptableStats.cs
  artifactKey: Guid(85cff47cd6ec0ca4185cf08db5225c1b) Importer(815301076,1909f56bfc062723c751e8b465ee728b)
Start importing Assets/_Game/Player/ScriptableStats.cs using Guid(85cff47cd6ec0ca4185cf08db5225c1b) Importer(815301076,1909f56bfc062723c751e8b465ee728b)  -> (artifact id: '7c9a214727e3521e0fc6f26792a86bcb') in 0.001916 seconds 
========================================================================
Received Import Request.
  Time since last request: 38.420242 seconds.
  path: Assets/_Game/Player/Player.prefab
  artifactKey: Guid(742b1b2cbf1dc0f4496e651352ae03fb) Importer(815301076,1909f56bfc062723c751e8b465ee728b)
Start importing Assets/_Game/Player/Player.prefab using Guid(742b1b2cbf1dc0f4496e651352ae03fb) Importer(815301076,1909f56bfc062723c751e8b465ee728b)  -> (artifact id: '57693e759ff4e1d0b0e5317504cc32d3') in 0.010989 seconds 
========================================================================
Received Import Request.
  Time since last request: 32.630837 seconds.
  path: Assets/_Game/Player/Player.prefab
  artifactKey: Guid(742b1b2cbf1dc0f4496e651352ae03fb) Importer(815301076,1909f56bfc062723c751e8b465ee728b)
Start importing Assets/_Game/Player/Player.prefab using Guid(742b1b2cbf1dc0f4496e651352ae03fb) Importer(815301076,1909f56bfc062723c751e8b465ee728b)  -> (artifact id: 'beefa646f9de0945383372028e254a70') in 0.009951 seconds 
========================================================================
Received Import Request.
  Time since last request: 264.983382 seconds.
  path: Assets/_Game/Player/Player.prefab
  artifactKey: Guid(742b1b2cbf1dc0f4496e651352ae03fb) Importer(815301076,1909f56bfc062723c751e8b465ee728b)
Start importing Assets/_Game/Player/Player.prefab using Guid(742b1b2cbf1dc0f4496e651352ae03fb) Importer(815301076,1909f56bfc062723c751e8b465ee728b)  -> (artifact id: '4991406cd9315411656dff0c923b639f') in 0.011754 seconds 
========================================================================
Received Prepare
Registering precompiled user dll's ...
Registered in 0.006273 seconds.
Begin MonoManager ReloadAssembly
Symbol file LoadedFromMemory doesn't match image D:\Unity Projects\Project-Kratos\Project-Kratos\Library\PackageCache\com.unity.visualscripting@1.8.0\Editor\VisualScripting.Core\Dependencies\DotNetZip\Unity.VisualScripting.IonicZip.dll
Symbol file LoadedFromMemory doesn't match image D:\Unity Projects\Project-Kratos\Project-Kratos\Library\PackageCache\com.unity.visualscripting@1.8.0\Editor\VisualScripting.Core\Dependencies\YamlDotNet\Unity.VisualScripting.YamlDotNet.dll
Native extension for WindowsStandalone target not found
Native extension for WebGL target not found
Refreshing native plugins compatible for Editor in 0.84 ms, found 4 plugins.
Preloading 0 native plugins for Editor in 0.00 ms.
Mono: successfully reloaded assembly
- Completed reload, in  1.008 seconds
Domain Reload Profiling:
	ReloadAssembly (1009ms)
		BeginReloadAssembly (110ms)
			ExecutionOrderSort (0ms)
			DisableScriptedObjects (4ms)
			BackupInstance (0ms)
			ReleaseScriptingObjects (0ms)
			CreateAndSetChildDomain (40ms)
		EndReloadAssembly (837ms)
			LoadAssemblies (71ms)
			RebuildTransferFunctionScriptingTraits (0ms)
			SetupTypeCache (202ms)
			ReleaseScriptCaches (2ms)
			RebuildScriptCaches (28ms)
			SetupLoadedEditorAssemblies (471ms)
				LogAssemblyErrors (0ms)
				InitializePlatformSupportModulesInManaged (8ms)
				SetLoadedEditorAssemblies (0ms)
				RefreshPlugins (1ms)
				BeforeProcessingInitializeOnLoad (50ms)
				ProcessInitializeOnLoadAttributes (276ms)
				ProcessInitializeOnLoadMethodAttributes (127ms)
				AfterProcessingInitializeOnLoad (8ms)
				EditorAssembliesLoaded (0ms)
			ExecutionOrderSort2 (0ms)
			AwakeInstancesAfterBackupRestoration (32ms)
Platform modules already initialized, skipping
Shader 'MoreMountains/MMRipple': fallback shader 'Particle/AlphaBlended' not found
Refreshing native plugins compatible for Editor in 5.07 ms, found 4 plugins.
Preloading 0 native plugins for Editor in 0.00 ms.
Unloading 6910 Unused Serialized files (Serialized files now loaded: 0)
Unloading 72 unused Assets / (2.4 MB). Loaded Objects now: 7813.
Memory consumption went from 384.9 MB to 382.5 MB.
Total: 12.033400 ms (FindLiveObjects: 0.396100 ms CreateObjectMapping: 0.593200 ms MarkObjects: 10.397100 ms  DeleteObjects: 0.645200 ms)

AssetImportParameters requested are different than current active one (requested -> active):
  custom:video-decoder-ogg-theora: a1e56fd34408186e4bbccfd4996cb3dc -> 
  custom:container-muxer-webm: aa71ff27fc2769a1b78a27578f13a17b -> 
  custom:container-demuxer-webm: 4f35f7cbe854078d1ac9338744f61a02 -> 
  custom:video-encoder-webm-vp8: eb34c28f22e8b96e1ab97ce403110664 -> 
  custom:audio-encoder-webm-vorbis: bf7c407c2cedff20999df2af8eb42d56 -> 
  custom:framework-win-MediaFoundation: 216162199b28c13a410421893ffa2e32 -> 
  custom:container-demuxer-ogg: 62fdf1f143b41e24485cea50d1cbac27 -> 
  custom:video-decoder-webm-vp8: 9c59270c3fd7afecdb556c50c9e8de78 -> 
  custom:audio-decoder-ogg-vorbis: bf7c407c2cedff20999df2af8eb42d56 -> 
========================================================================
Received Import Request.
  Time since last request: 5.932817 seconds.
  path: Assets/_Game/Player/Player.prefab
  artifactKey: Guid(742b1b2cbf1dc0f4496e651352ae03fb) Importer(815301076,1909f56bfc062723c751e8b465ee728b)
Start importing Assets/_Game/Player/Player.prefab using Guid(742b1b2cbf1dc0f4496e651352ae03fb) Importer(815301076,1909f56bfc062723c751e8b465ee728b)  -> (artifact id: '4991406cd9315411656dff0c923b639f') in 0.178266 seconds 
========================================================================
Received Import Request.
  Time since last request: 33.984203 seconds.
  path: Assets/_Game/Player/Player.prefab
  artifactKey: Guid(742b1b2cbf1dc0f4496e651352ae03fb) Importer(815301076,1909f56bfc062723c751e8b465ee728b)
Start importing Assets/_Game/Player/Player.prefab using Guid(742b1b2cbf1dc0f4496e651352ae03fb) Importer(815301076,1909f56bfc062723c751e8b465ee728b)  -> (artifact id: '7053b6f758d371602d7067cb0fb62a22') in 0.010057 seconds 
========================================================================
Received Import Request.
  Time since last request: 1.170263 seconds.
  path: Assets/_Game/Player/Player.prefab
  artifactKey: Guid(742b1b2cbf1dc0f4496e651352ae03fb) Importer(815301076,1909f56bfc062723c751e8b465ee728b)
Start importing Assets/_Game/Player/Player.prefab using Guid(742b1b2cbf1dc0f4496e651352ae03fb) Importer(815301076,1909f56bfc062723c751e8b465ee728b)  -> (artifact id: 'cd0129b82fc8bfc422a298f9e6064a6b') in 0.009393 seconds 
========================================================================
Received Import Request.
  Time since last request: 1.202576 seconds.
  path: Assets/_Game/Player/Player.prefab
  artifactKey: Guid(742b1b2cbf1dc0f4496e651352ae03fb) Importer(815301076,1909f56bfc062723c751e8b465ee728b)
Start importing Assets/_Game/Player/Player.prefab using Guid(742b1b2cbf1dc0f4496e651352ae03fb) Importer(815301076,1909f56bfc062723c751e8b465ee728b)  -> (artifact id: 'f58309c0bc69bd0f2625c0ccd21f7e85') in 0.020387 seconds 
========================================================================
Received Import Request.
  Time since last request: 1.392158 seconds.
  path: Assets/_Game/Player/Player.prefab
  artifactKey: Guid(742b1b2cbf1dc0f4496e651352ae03fb) Importer(815301076,1909f56bfc062723c751e8b465ee728b)
Start importing Assets/_Game/Player/Player.prefab using Guid(742b1b2cbf1dc0f4496e651352ae03fb) Importer(815301076,1909f56bfc062723c751e8b465ee728b)  -> (artifact id: 'fa0fe8b31146fc1f9e24847fc2f1c5d8') in 0.009911 seconds 
========================================================================
Received Import Request.
  Time since last request: 0.375346 seconds.
  path: Assets/_Game/Player/Player.prefab
  artifactKey: Guid(742b1b2cbf1dc0f4496e651352ae03fb) Importer(815301076,1909f56bfc062723c751e8b465ee728b)
Start importing Assets/_Game/Player/Player.prefab using Guid(742b1b2cbf1dc0f4496e651352ae03fb) Importer(815301076,1909f56bfc062723c751e8b465ee728b)  -> (artifact id: '484fc18990dcb4eb0d4e6b6cda7a9f33') in 0.009115 seconds 
========================================================================
Received Import Request.
  Time since last request: 1.007599 seconds.
  path: Assets/_Game/Player/Player.prefab
  artifactKey: Guid(742b1b2cbf1dc0f4496e651352ae03fb) Importer(815301076,1909f56bfc062723c751e8b465ee728b)
Start importing Assets/_Game/Player/Player.prefab using Guid(742b1b2cbf1dc0f4496e651352ae03fb) Importer(815301076,1909f56bfc062723c751e8b465ee728b)  -> (artifact id: '45a61ea39dc1c36e399c3d3bea3872ec') in 0.009611 seconds 
========================================================================
Received Import Request.
  Time since last request: 1.998448 seconds.
  path: Assets/_Game/Player/Player.prefab
  artifactKey: Guid(742b1b2cbf1dc0f4496e651352ae03fb) Importer(815301076,1909f56bfc062723c751e8b465ee728b)
Start importing Assets/_Game/Player/Player.prefab using Guid(742b1b2cbf1dc0f4496e651352ae03fb) Importer(815301076,1909f56bfc062723c751e8b465ee728b)  -> (artifact id: '560934c5d46d0f0589b697aa849cf7d1') in 0.009668 seconds 
========================================================================
Received Import Request.
  Time since last request: 0.588495 seconds.
  path: Assets/_Game/Player/Player.prefab
  artifactKey: Guid(742b1b2cbf1dc0f4496e651352ae03fb) Importer(815301076,1909f56bfc062723c751e8b465ee728b)
Start importing Assets/_Game/Player/Player.prefab using Guid(742b1b2cbf1dc0f4496e651352ae03fb) Importer(815301076,1909f56bfc062723c751e8b465ee728b)  -> (artifact id: 'c27bc6ee0045c4d148287446e62be272') in 0.017445 seconds 
========================================================================
Received Import Request.
  Time since last request: 2.385852 seconds.
  path: Assets/_Game/Player/Player.prefab
  artifactKey: Guid(742b1b2cbf1dc0f4496e651352ae03fb) Importer(815301076,1909f56bfc062723c751e8b465ee728b)
Start importing Assets/_Game/Player/Player.prefab using Guid(742b1b2cbf1dc0f4496e651352ae03fb) Importer(815301076,1909f56bfc062723c751e8b465ee728b)  -> (artifact id: '992e0794d931b9fa633330ce1ba37430') in 0.009283 seconds 
========================================================================
Received Import Request.
  Time since last request: 1.788532 seconds.
  path: Assets/_Game/Player/Player.prefab
  artifactKey: Guid(742b1b2cbf1dc0f4496e651352ae03fb) Importer(815301076,1909f56bfc062723c751e8b465ee728b)
Start importing Assets/_Game/Player/Player.prefab using Guid(742b1b2cbf1dc0f4496e651352ae03fb) Importer(815301076,1909f56bfc062723c751e8b465ee728b)  -> (artifact id: '2a2ca60ae74e73fa117626681a91b0ae') in 0.009314 seconds 
========================================================================
Received Import Request.
  Time since last request: 2.420083 seconds.
  path: Assets/_Game/Player/Player.prefab
  artifactKey: Guid(742b1b2cbf1dc0f4496e651352ae03fb) Importer(815301076,1909f56bfc062723c751e8b465ee728b)
Start importing Assets/_Game/Player/Player.prefab using Guid(742b1b2cbf1dc0f4496e651352ae03fb) Importer(815301076,1909f56bfc062723c751e8b465ee728b)  -> (artifact id: 'ca8ea9edfc1c3863e488b25245804f23') in 0.009760 seconds 
========================================================================
Received Import Request.
  Time since last request: 3.000948 seconds.
  path: Assets/_Game/Player/Player.prefab
  artifactKey: Guid(742b1b2cbf1dc0f4496e651352ae03fb) Importer(815301076,1909f56bfc062723c751e8b465ee728b)
Start importing Assets/_Game/Player/Player.prefab using Guid(742b1b2cbf1dc0f4496e651352ae03fb) Importer(815301076,1909f56bfc062723c751e8b465ee728b)  -> (artifact id: '80cc4c101f8685439acdd2f498061dad') in 0.010077 seconds 
========================================================================
Received Import Request.
  Time since last request: 3.718794 seconds.
  path: Assets/_Game/Player/Player.prefab
  artifactKey: Guid(742b1b2cbf1dc0f4496e651352ae03fb) Importer(815301076,1909f56bfc062723c751e8b465ee728b)
Start importing Assets/_Game/Player/Player.prefab using Guid(742b1b2cbf1dc0f4496e651352ae03fb) Importer(815301076,1909f56bfc062723c751e8b465ee728b)  -> (artifact id: 'ebd6e5b16a7bc5f1891f30d46c613203') in 0.009530 seconds 
========================================================================
Received Import Request.
  Time since last request: 51.978462 seconds.
  path: Assets/_Game/Player/Player.prefab
  artifactKey: Guid(742b1b2cbf1dc0f4496e651352ae03fb) Importer(815301076,1909f56bfc062723c751e8b465ee728b)
Start importing Assets/_Game/Player/Player.prefab using Guid(742b1b2cbf1dc0f4496e651352ae03fb) Importer(815301076,1909f56bfc062723c751e8b465ee728b)  -> (artifact id: '439f27e7cbf06629704f48b58266625c') in 0.010605 seconds 
========================================================================
Received Import Request.
  Time since last request: 14.173248 seconds.
  path: Assets/_Game/Player/Player.prefab
  artifactKey: Guid(742b1b2cbf1dc0f4496e651352ae03fb) Importer(815301076,1909f56bfc062723c751e8b465ee728b)
Start importing Assets/_Game/Player/Player.prefab using Guid(742b1b2cbf1dc0f4496e651352ae03fb) Importer(815301076,1909f56bfc062723c751e8b465ee728b)  -> (artifact id: 'bdefdd6c4d071a6ee14d7fc7ebe069da') in 0.015453 seconds 
========================================================================
Received Prepare
Registering precompiled user dll's ...
Registered in 0.007144 seconds.
Begin MonoManager ReloadAssembly
Symbol file LoadedFromMemory doesn't match image D:\Unity Projects\Project-Kratos\Project-Kratos\Library\PackageCache\com.unity.visualscripting@1.8.0\Editor\VisualScripting.Core\Dependencies\DotNetZip\Unity.VisualScripting.IonicZip.dll
Symbol file LoadedFromMemory doesn't match image D:\Unity Projects\Project-Kratos\Project-Kratos\Library\PackageCache\com.unity.visualscripting@1.8.0\Editor\VisualScripting.Core\Dependencies\YamlDotNet\Unity.VisualScripting.YamlDotNet.dll
Native extension for WindowsStandalone target not found
Native extension for WebGL target not found
Refreshing native plugins compatible for Editor in 0.89 ms, found 4 plugins.
Preloading 0 native plugins for Editor in 0.00 ms.
Mono: successfully reloaded assembly
- Completed reload, in  1.000 seconds
Domain Reload Profiling:
	ReloadAssembly (1001ms)
		BeginReloadAssembly (103ms)
			ExecutionOrderSort (0ms)
			DisableScriptedObjects (4ms)
			BackupInstance (0ms)
			ReleaseScriptingObjects (0ms)
			CreateAndSetChildDomain (37ms)
		EndReloadAssembly (837ms)
			LoadAssemblies (64ms)
			RebuildTransferFunctionScriptingTraits (0ms)
			SetupTypeCache (175ms)
			ReleaseScriptCaches (2ms)
			RebuildScriptCaches (30ms)
			SetupLoadedEditorAssemblies (503ms)
				LogAssemblyErrors (0ms)
				InitializePlatformSupportModulesInManaged (8ms)
				SetLoadedEditorAssemblies (0ms)
				RefreshPlugins (1ms)
				BeforeProcessingInitializeOnLoad (59ms)
				ProcessInitializeOnLoadAttributes (304ms)
				ProcessInitializeOnLoadMethodAttributes (122ms)
				AfterProcessingInitializeOnLoad (8ms)
				EditorAssembliesLoaded (0ms)
			ExecutionOrderSort2 (0ms)
			AwakeInstancesAfterBackupRestoration (28ms)
Platform modules already initialized, skipping
Shader 'MoreMountains/MMRipple': fallback shader 'Particle/AlphaBlended' not found
Refreshing native plugins compatible for Editor in 2.66 ms, found 4 plugins.
Preloading 0 native plugins for Editor in 0.00 ms.
Unloading 6910 Unused Serialized files (Serialized files now loaded: 0)
Unloading 72 unused Assets / (2.4 MB). Loaded Objects now: 7869.
Memory consumption went from 384.9 MB to 382.6 MB.
Total: 10.228300 ms (FindLiveObjects: 0.321200 ms CreateObjectMapping: 0.129400 ms MarkObjects: 9.315500 ms  DeleteObjects: 0.461400 ms)

AssetImportParameters requested are different than current active one (requested -> active):
  custom:video-decoder-ogg-theora: a1e56fd34408186e4bbccfd4996cb3dc -> 
  custom:container-muxer-webm: aa71ff27fc2769a1b78a27578f13a17b -> 
  custom:container-demuxer-webm: 4f35f7cbe854078d1ac9338744f61a02 -> 
  custom:video-encoder-webm-vp8: eb34c28f22e8b96e1ab97ce403110664 -> 
  custom:audio-encoder-webm-vorbis: bf7c407c2cedff20999df2af8eb42d56 -> 
  custom:framework-win-MediaFoundation: 216162199b28c13a410421893ffa2e32 -> 
  custom:container-demuxer-ogg: 62fdf1f143b41e24485cea50d1cbac27 -> 
  custom:video-decoder-webm-vp8: 9c59270c3fd7afecdb556c50c9e8de78 -> 
  custom:audio-decoder-ogg-vorbis: bf7c407c2cedff20999df2af8eb42d56 -> 
========================================================================
Received Import Request.
  Time since last request: 19.760758 seconds.
  path: Assets/_Game/Player/Player.prefab
  artifactKey: Guid(742b1b2cbf1dc0f4496e651352ae03fb) Importer(815301076,1909f56bfc062723c751e8b465ee728b)
Start importing Assets/_Game/Player/Player.prefab using Guid(742b1b2cbf1dc0f4496e651352ae03fb) Importer(815301076,1909f56bfc062723c751e8b465ee728b)  -> (artifact id: 'bdefdd6c4d071a6ee14d7fc7ebe069da') in 0.159291 seconds 
========================================================================
Received Prepare
Registering precompiled user dll's ...
Registered in 0.007376 seconds.
Begin MonoManager ReloadAssembly
Symbol file LoadedFromMemory doesn't match image D:\Unity Projects\Project-Kratos\Project-Kratos\Library\PackageCache\com.unity.visualscripting@1.8.0\Editor\VisualScripting.Core\Dependencies\DotNetZip\Unity.VisualScripting.IonicZip.dll
Symbol file LoadedFromMemory doesn't match image D:\Unity Projects\Project-Kratos\Project-Kratos\Library\PackageCache\com.unity.visualscripting@1.8.0\Editor\VisualScripting.Core\Dependencies\YamlDotNet\Unity.VisualScripting.YamlDotNet.dll
Native extension for WindowsStandalone target not found
Native extension for WebGL target not found
Refreshing native plugins compatible for Editor in 0.79 ms, found 4 plugins.
Preloading 0 native plugins for Editor in 0.00 ms.
Mono: successfully reloaded assembly
- Completed reload, in  0.982 seconds
Domain Reload Profiling:
	ReloadAssembly (982ms)
		BeginReloadAssembly (100ms)
			ExecutionOrderSort (0ms)
			DisableScriptedObjects (3ms)
			BackupInstance (0ms)
			ReleaseScriptingObjects (0ms)
			CreateAndSetChildDomain (37ms)
		EndReloadAssembly (824ms)
			LoadAssemblies (64ms)
			RebuildTransferFunctionScriptingTraits (0ms)
			SetupTypeCache (174ms)
			ReleaseScriptCaches (2ms)
			RebuildScriptCaches (31ms)
			SetupLoadedEditorAssemblies (491ms)
				LogAssemblyErrors (0ms)
				InitializePlatformSupportModulesInManaged (9ms)
				SetLoadedEditorAssemblies (0ms)
				RefreshPlugins (1ms)
				BeforeProcessingInitializeOnLoad (53ms)
				ProcessInitializeOnLoadAttributes (310ms)
				ProcessInitializeOnLoadMethodAttributes (110ms)
				AfterProcessingInitializeOnLoad (7ms)
				EditorAssembliesLoaded (0ms)
			ExecutionOrderSort2 (0ms)
			AwakeInstancesAfterBackupRestoration (23ms)
Platform modules already initialized, skipping
Shader 'MoreMountains/MMRipple': fallback shader 'Particle/AlphaBlended' not found
Refreshing native plugins compatible for Editor in 2.43 ms, found 4 plugins.
Preloading 0 native plugins for Editor in 0.00 ms.
Unloading 6910 Unused Serialized files (Serialized files now loaded: 0)
Unloading 72 unused Assets / (2.4 MB). Loaded Objects now: 7925.
Memory consumption went from 385.1 MB to 382.7 MB.
Total: 13.929400 ms (FindLiveObjects: 0.542900 ms CreateObjectMapping: 0.207200 ms MarkObjects: 12.500300 ms  DeleteObjects: 0.677500 ms)

AssetImportParameters requested are different than current active one (requested -> active):
  custom:video-decoder-ogg-theora: a1e56fd34408186e4bbccfd4996cb3dc -> 
  custom:container-muxer-webm: aa71ff27fc2769a1b78a27578f13a17b -> 
  custom:container-demuxer-webm: 4f35f7cbe854078d1ac9338744f61a02 -> 
  custom:video-encoder-webm-vp8: eb34c28f22e8b96e1ab97ce403110664 -> 
  custom:audio-encoder-webm-vorbis: bf7c407c2cedff20999df2af8eb42d56 -> 
  custom:framework-win-MediaFoundation: 216162199b28c13a410421893ffa2e32 -> 
  custom:container-demuxer-ogg: 62fdf1f143b41e24485cea50d1cbac27 -> 
  custom:video-decoder-webm-vp8: 9c59270c3fd7afecdb556c50c9e8de78 -> 
  custom:audio-decoder-ogg-vorbis: bf7c407c2cedff20999df2af8eb42d56 -> 
========================================================================
Received Import Request.
  Time since last request: 5.384524 seconds.
  path: Assets/_Game/Player/Player.prefab
  artifactKey: Guid(742b1b2cbf1dc0f4496e651352ae03fb) Importer(815301076,1909f56bfc062723c751e8b465ee728b)
Start importing Assets/_Game/Player/Player.prefab using Guid(742b1b2cbf1dc0f4496e651352ae03fb) Importer(815301076,1909f56bfc062723c751e8b465ee728b)  -> (artifact id: '0d6c9ca530d371b3962824772d49ed70') in 0.154249 seconds 
========================================================================
Received Import Request.
  Time since last request: 7.984424 seconds.
  path: Assets/_Game/Player/Player Stats.asset
  artifactKey: Guid(045fd89ba756ba1439e7d4e08e09f781) Importer(815301076,1909f56bfc062723c751e8b465ee728b)
Start importing Assets/_Game/Player/Player Stats.asset using Guid(045fd89ba756ba1439e7d4e08e09f781) Importer(815301076,1909f56bfc062723c751e8b465ee728b)  -> (artifact id: '0bdd16dca2eaf59750b56e696ee4c6fe') in 0.007513 seconds 
========================================================================
Received Import Request.
  Time since last request: 11.530945 seconds.
  path: Assets/_Game/Player/Player Stats.asset
  artifactKey: Guid(045fd89ba756ba1439e7d4e08e09f781) Importer(815301076,1909f56bfc062723c751e8b465ee728b)
Start importing Assets/_Game/Player/Player Stats.asset using Guid(045fd89ba756ba1439e7d4e08e09f781) Importer(815301076,1909f56bfc062723c751e8b465ee728b)  -> (artifact id: '4a969c61ac6afa514d8218510897fdb7') in 0.002333 seconds 
========================================================================
Received Import Request.
  Time since last request: 0.002988 seconds.
  path: Assets/_Game/Player/Player.prefab
  artifactKey: Guid(742b1b2cbf1dc0f4496e651352ae03fb) Importer(815301076,1909f56bfc062723c751e8b465ee728b)
Start importing Assets/_Game/Player/Player.prefab using Guid(742b1b2cbf1dc0f4496e651352ae03fb) Importer(815301076,1909f56bfc062723c751e8b465ee728b)  -> (artifact id: 'ca8acc8be16ac5f6dbcb10b4e272986f') in 0.017480 seconds 
========================================================================
Received Import Request.
  Time since last request: 36.591542 seconds.
  path: Assets/_Game/Player/Player.prefab
  artifactKey: Guid(742b1b2cbf1dc0f4496e651352ae03fb) Importer(815301076,1909f56bfc062723c751e8b465ee728b)
Start importing Assets/_Game/Player/Player.prefab using Guid(742b1b2cbf1dc0f4496e651352ae03fb) Importer(815301076,1909f56bfc062723c751e8b465ee728b)  -> (artifact id: '10282caa6d33f54ca61c00b7b3b6913e') in 0.010361 seconds 
========================================================================
Received Import Request.
  Time since last request: 14.186190 seconds.
  path: Assets/Plugins/DevTex/Materials/Dev_matte_grey.mat
  artifactKey: Guid(a7ae6b34c1352bd419c92ad25692fcb1) Importer(815301076,1909f56bfc062723c751e8b465ee728b)
Start importing Assets/Plugins/DevTex/Materials/Dev_matte_grey.mat using Guid(a7ae6b34c1352bd419c92ad25692fcb1) Importer(815301076,1909f56bfc062723c751e8b465ee728b)  -> (artifact id: '5465b14c86276d8cb77381d4da569dc4') in 0.031883 seconds 
========================================================================
Received Import Request.
  Time since last request: 0.000018 seconds.
  path: Assets/Plugins/DevTex/Materials/Dev_matte_white.mat
  artifactKey: Guid(bb742d83ed804da40afff0bb98de17b3) Importer(815301076,1909f56bfc062723c751e8b465ee728b)
Start importing Assets/Plugins/DevTex/Materials/Dev_matte_white.mat using Guid(bb742d83ed804da40afff0bb98de17b3) Importer(815301076,1909f56bfc062723c751e8b465ee728b)  -> (artifact id: 'cd2f2c58f935f9a88d7efe78f6556925') in 0.010546 seconds 
========================================================================
Received Import Request.
  Time since last request: 0.000019 seconds.
  path: Assets/Plugins/DevTex/Materials/Dev_metallic_orange.mat
  artifactKey: Guid(8f61ba43f62e6524cba5e48f0913e4e2) Importer(815301076,1909f56bfc062723c751e8b465ee728b)
Start importing Assets/Plugins/DevTex/Materials/Dev_metallic_orange.mat using Guid(8f61ba43f62e6524cba5e48f0913e4e2) Importer(815301076,1909f56bfc062723c751e8b465ee728b)  -> (artifact id: 'a933d7adec99ac7aa6251074311b0c41') in 0.017857 seconds 
========================================================================
Received Import Request.
  Time since last request: 0.000020 seconds.
  path: Assets/Plugins/DevTex/Materials/Dev_metallic_grey75.mat
  artifactKey: Guid(da87d1f361784a4419e8f285a9f43652) Importer(815301076,1909f56bfc062723c751e8b465ee728b)
Start importing Assets/Plugins/DevTex/Materials/Dev_metallic_grey75.mat using Guid(da87d1f361784a4419e8f285a9f43652) Importer(815301076,1909f56bfc062723c751e8b465ee728b)  -> (artifact id: 'd476d4c6b10d952efa4c819332bb3c6e') in 0.009907 seconds 
========================================================================
Received Import Request.
  Time since last request: 0.000026 seconds.
  path: Assets/Plugins/DevTex/Materials/Dev_metallic_grey.mat
  artifactKey: Guid(c71fdd3d28686304fa050821f4f023bd) Importer(815301076,1909f56bfc062723c751e8b465ee728b)
Start importing Assets/Plugins/DevTex/Materials/Dev_metallic_grey.mat using Guid(c71fdd3d28686304fa050821f4f023bd) Importer(815301076,1909f56bfc062723c751e8b465ee728b)  -> (artifact id: '2c9fc000642f64766fdd543db2d21679') in 0.009489 seconds 
========================================================================
Received Prepare
Registering precompiled user dll's ...
Registered in 0.008636 seconds.
Begin MonoManager ReloadAssembly
Symbol file LoadedFromMemory doesn't match image D:\Unity Projects\Project-Kratos\Project-Kratos\Library\PackageCache\com.unity.visualscripting@1.8.0\Editor\VisualScripting.Core\Dependencies\DotNetZip\Unity.VisualScripting.IonicZip.dll
Symbol file LoadedFromMemory doesn't match image D:\Unity Projects\Project-Kratos\Project-Kratos\Library\PackageCache\com.unity.visualscripting@1.8.0\Editor\VisualScripting.Core\Dependencies\YamlDotNet\Unity.VisualScripting.YamlDotNet.dll
Native extension for WindowsStandalone target not found
Native extension for WebGL target not found
Refreshing native plugins compatible for Editor in 0.86 ms, found 4 plugins.
Preloading 0 native plugins for Editor in 0.00 ms.
Mono: successfully reloaded assembly
- Completed reload, in  1.096 seconds
Domain Reload Profiling:
	ReloadAssembly (1097ms)
		BeginReloadAssembly (114ms)
			ExecutionOrderSort (0ms)
			DisableScriptedObjects (4ms)
			BackupInstance (0ms)
			ReleaseScriptingObjects (0ms)
			CreateAndSetChildDomain (36ms)
		EndReloadAssembly (905ms)
			LoadAssemblies (83ms)
			RebuildTransferFunctionScriptingTraits (0ms)
			SetupTypeCache (173ms)
			ReleaseScriptCaches (2ms)
			RebuildScriptCaches (31ms)
			SetupLoadedEditorAssemblies (525ms)
				LogAssemblyErrors (0ms)
				InitializePlatformSupportModulesInManaged (12ms)
				SetLoadedEditorAssemblies (0ms)
				RefreshPlugins (1ms)
				BeforeProcessingInitializeOnLoad (55ms)
				ProcessInitializeOnLoadAttributes (319ms)
				ProcessInitializeOnLoadMethodAttributes (129ms)
				AfterProcessingInitializeOnLoad (8ms)
				EditorAssembliesLoaded (0ms)
			ExecutionOrderSort2 (0ms)
			AwakeInstancesAfterBackupRestoration (52ms)
Platform modules already initialized, skipping
Shader 'MoreMountains/MMRipple': fallback shader 'Particle/AlphaBlended' not found
Refreshing native plugins compatible for Editor in 3.22 ms, found 4 plugins.
Preloading 0 native plugins for Editor in 0.00 ms.
Unloading 6910 Unused Serialized files (Serialized files now loaded: 0)
Unloading 72 unused Assets / (2.4 MB). Loaded Objects now: 7981.
Memory consumption went from 385.1 MB to 382.7 MB.
Total: 18.239400 ms (FindLiveObjects: 0.564800 ms CreateObjectMapping: 0.245600 ms MarkObjects: 16.584300 ms  DeleteObjects: 0.843000 ms)

AssetImportParameters requested are different than current active one (requested -> active):
  custom:video-decoder-ogg-theora: a1e56fd34408186e4bbccfd4996cb3dc -> 
  custom:container-muxer-webm: aa71ff27fc2769a1b78a27578f13a17b -> 
  custom:container-demuxer-webm: 4f35f7cbe854078d1ac9338744f61a02 -> 
  custom:video-encoder-webm-vp8: eb34c28f22e8b96e1ab97ce403110664 -> 
  custom:audio-encoder-webm-vorbis: bf7c407c2cedff20999df2af8eb42d56 -> 
  custom:framework-win-MediaFoundation: 216162199b28c13a410421893ffa2e32 -> 
  custom:container-demuxer-ogg: 62fdf1f143b41e24485cea50d1cbac27 -> 
  custom:video-decoder-webm-vp8: 9c59270c3fd7afecdb556c50c9e8de78 -> 
  custom:audio-decoder-ogg-vorbis: bf7c407c2cedff20999df2af8eb42d56 -> 
Editor requested this worker to shutdown with reason: Scaling down because of idle timeout
AssetImportWorker is now disconnected from the server
Process exiting
Exiting without the bug reporter. Application will terminate with return code 0